[+] Containers:
 |- [+] Container: /Game/ThirdPerson/Maps/ThirdPersonMap
 |   |- [+] ActorDescs:
 |   |   |- Guid:110877A540C5EA2EEA0A938AD1B81B83 BaseClass: NativeClass:/Script/Engine.StaticMeshActor Name:StaticMeshActor_UAID_5C60BA38F4A9C4BA01_1782160086 Label:SM_Road_2 SpatiallyLoaded:1 Bounds:IsValid=true, Min=(X=4710.000 Y=1180.000 Z=0.000), Max=(X=5510.000 Y=2140.000 Z=20.000) RuntimeGrid:None EditorOnly:0 RuntimeOnly:0 HLODRelevant:1
 |   |   |- Guid:2DCE62A049BF2837201C74AFDB3DFA5A BaseClass: NativeClass:/Script/Engine.StaticMeshActor Name:StaticMeshActor_UAID_5C60BA38F4A9C4BA01_1756606084 Label:SM_Road_4 SpatiallyLoaded:1 Bounds:IsValid=true, Min=(X=3750.000 Y=2140.000 Z=0.000), Max=(X=4630.000 Y=3020.000 Z=20.000) RuntimeGrid:None EditorOnly:0 RuntimeOnly:0 HLODRelevant:1
 |   |   |- Guid:2FB58999456391D349DC0F86DAC136ED BaseClass: NativeClass:/Script/Engine.SkyLight Name:SkyLight_1 Label:SkyLight SpatiallyLoaded:0 Bounds:IsValid=true, Min=(X=0.000 Y=-2900.000 Z=690.000), Max=(X=0.000 Y=-2900.000 Z=690.000) RuntimeGrid:None EditorOnly:0 RuntimeOnly:0 HLODRelevant:0 FolderPath:Lighting FolderGuid:963EC3EB4002CCE9759E2EBA541A873A
 |   |   |- Guid:308C3FEC4F08FECD9938D19430F79B7B BaseClass: NativeClass:/Script/Engine.StaticMeshActor Name:StaticMeshActor_UAID_5C60BA38F4A9C8BA01_1441763775 Label:SM_Road_15 SpatiallyLoaded:1 Bounds:IsValid=true, Min=(X=-1110.000 Y=1260.000 Z=0.000), Max=(X=-150.000 Y=2060.000 Z=20.000) RuntimeGrid:None EditorOnly:0 RuntimeOnly:0 HLODRelevant:1
 |   |   |- Guid:30B387C5452D6FEFE71880816C0C55DE BaseClass: NativeClass:/Script/Engine.SkeletalMeshActor Name:SkeletalMeshActor_UAID_5C60BA38F4A9C7BA01_1112958621 Label:SK_Car_4C SpatiallyLoaded:1 Bounds:IsValid=true, Min=(X=5133.840 Y=446.312 Z=8.962), Max=(X=5710.058 Y=1049.106 Z=334.522) RuntimeGrid:None EditorOnly:0 RuntimeOnly:0 HLODRelevant:0
 |   |   |- Guid:316CF2A6494ACA4C0E4180A87D36AB8F BaseClass: NativeClass:/Script/Engine.ExponentialHeightFog Name:ExponentialHeightFog_0 Label:ExponentialHeightFog SpatiallyLoaded:0 Bounds:IsValid=true, Min=(X=-5600.000 Y=-50.000 Z=-6850.000), Max=(X=-5600.000 Y=-50.000 Z=-6850.000) RuntimeGrid:None EditorOnly:0 RuntimeOnly:0 HLODRelevant:0 FolderPath:Lighting FolderGuid:963EC3EB4002CCE9759E2EBA541A873A
 |   |   |- Guid:3A00AA1C422CE54C0BDB60BAF471BFBB BaseClass: NativeClass:/Script/Engine.PlayerStart Name:PlayerStart_0 Label:PlayerStart SpatiallyLoaded:0 Bounds:IsValid=true, Min=(X=-1010.000 Y=1620.000 Z=50.013), Max=(X=-930.000 Y=1700.000 Z=234.013) RuntimeGrid:None EditorOnly:0 RuntimeOnly:0 HLODRelevant:0
 |   |   |- Guid:4668D14247BB9CDE8A507FB0090A1AC0 BaseClass: NativeClass:/Script/Engine.StaticMeshActor Name:StaticMeshActor_UAID_5C60BA38F4A9C7BA01_1504162640 Label:SM_Road_10 SpatiallyLoaded:1 Bounds:IsValid=true, Min=(X=790.000 Y=1260.000 Z=0.000), Max=(X=1750.000 Y=2060.000 Z=20.000) RuntimeGrid:None EditorOnly:0 RuntimeOnly:0 HLODRelevant:1
 |   |   |- Guid:485410494072738A16753CB943B1AAF5 BaseClass: NativeClass:/Script/Engine.StaticMeshActor Name:StaticMeshActor_UAID_5C60BA38F4A9C7BA01_1498975639 Label:SM_Road_9 SpatiallyLoaded:1 Bounds:IsValid=true, Min=(X=1750.000 Y=1260.000 Z=0.000), Max=(X=2710.000 Y=2060.000 Z=20.000) RuntimeGrid:None EditorOnly:0 RuntimeOnly:0 HLODRelevant:1
 |   |   |- Guid:49E4D73F40BF89CA0A179897831CB03A BaseClass: NativeClass:/Script/Engine.StaticMeshActor Name:StaticMeshActor_UAID_5C60BA38F4A9C7BA01_1132759622 Label:SM_Crate_1 SpatiallyLoaded:1 Bounds:IsValid=true, Min=(X=5240.689 Y=980.728 Z=19.976), Max=(X=5319.309 Y=1059.296 Z=79.461) RuntimeGrid:None EditorOnly:0 RuntimeOnly:0 HLODRelevant:0
 |   |   |- Guid:4D3BE93F4146AAAC8BBE79999D96D57F BaseClass: NativeClass:/Script/Engine.VolumetricCloud Name:VolumetricCloud_0 Label:VolumetricCloud SpatiallyLoaded:0 Bounds:IsValid=true, Min=(X=0.000 Y=-2900.000 Z=820.000), Max=(X=0.000 Y=-2900.000 Z=820.000) RuntimeGrid:None EditorOnly:0 RuntimeOnly:0 HLODRelevant:0 FolderPath:Lighting FolderGuid:963EC3EB4002CCE9759E2EBA541A873A
 |   |   |- Guid:4EC2D6EA40C489D555A0C183854C110D BaseClass: NativeClass:/Script/Engine.StaticMeshActor Name:StaticMeshActor_UAID_5C60BA38F4A9C7BA01_2146228643 Label:SM_Road_12 SpatiallyLoaded:1 Bounds:IsValid=true, Min=(X=2800.000 Y=-730.000 Z=0.000), Max=(X=3680.000 Y=150.000 Z=20.000) RuntimeGrid:None EditorOnly:0 RuntimeOnly:0 HLODRelevant:1
 |   |   |- Guid:5BA321A24F7B6BF1EBDF2E8161E39D8E BaseClass: NativeClass:/Script/Engine.StaticMeshActor Name:StaticMeshActor_UAID_5C60BA38F4A9C7BA01_1135170624 Label:SM_Crate_3 SpatiallyLoaded:1 Bounds:IsValid=true, Min=(X=5014.465 Y=954.512 Z=19.976), Max=(X=5085.537 Y=1025.512 Z=79.461) RuntimeGrid:None EditorOnly:0 RuntimeOnly:0 HLODRelevant:0
 |   |   |- Guid:5D3553554EF1C13F60E7CAAB63CEE9F1 BaseClass: NativeClass:/Script/Engine.StaticMeshActor Name:StaticMeshActor_UAID_5C60BA38F4A9C4BA01_1662636076 Label:SM_Road_3 SpatiallyLoaded:1 Bounds:IsValid=true, Min=(X=3670.000 Y=1260.000 Z=0.000), Max=(X=4550.000 Y=2140.000 Z=20.000) RuntimeGrid:None EditorOnly:0 RuntimeOnly:0 HLODRelevant:1
 |   |   |- Guid:60A8C5934A3B138C5852CEA98F0C38BC BaseClass: NativeClass:/Script/Engine.StaticMeshActor Name:StaticMeshActor_UAID_5C60BA38F4A9C6BA01_2135793443 Label:SM_Road_8 SpatiallyLoaded:1 Bounds:IsValid=true, Min=(X=4710.000 Y=230.000 Z=0.000), Max=(X=5510.000 Y=1190.000 Z=20.000) RuntimeGrid:None EditorOnly:0 RuntimeOnly:0 HLODRelevant:1
 |   |   |- Guid:67939247411BE835DACD4BA754FE1A3E BaseClass: NativeClass:/Script/Engine.StaticMeshActor Name:StaticMeshActor_UAID_5C60BA38F4A9C6BA01_1709540442 Label:SM_Road_7 SpatiallyLoaded:1 Bounds:IsValid=true, Min=(X=3670.000 Y=-650.000 Z=0.000), Max=(X=4630.000 Y=150.000 Z=20.000) RuntimeGrid:None EditorOnly:0 RuntimeOnly:0 HLODRelevant:1
 |   |   |- Guid:6BAF4DDD444C60371492D3919DB42C97 BaseClass: NativeClass:/Script/Engine.WorldDataLayers Name:WorldDataLayers Label:WorldDataLayers SpatiallyLoaded:0 Bounds:IsValid=true, Min=(X=0.000 Y=0.000 Z=0.000), Max=(X=0.000 Y=0.000 Z=0.000) RuntimeGrid:None EditorOnly:0 RuntimeOnly:0 HLODRelevant:0
 |   |   |- Guid:7B322C854CA365228FD929B1C7B46F58 BaseClass: NativeClass:/Script/Engine.StaticMeshActor Name:StaticMeshActor_UAID_5C60BA38F4A9C7BA01_1318797634 Label:SM_Road_Barrier SpatiallyLoaded:1 Bounds:IsValid=true, Min=(X=5239.976 Y=1814.412 Z=20.000), Max=(X=5420.051 Y=1885.588 Z=120.000) RuntimeGrid:None EditorOnly:0 RuntimeOnly:0 HLODRelevant:1
 |   |   |- Guid:8C4AF40C4B3B9D94DA23A7BAD254E9AF BaseClass: NativeClass:/Script/Engine.StaticMeshActor Name:StaticMeshActor_UAID_5C60BA38F4A9C4BA01_1625756075 Label:SM_Road_1 SpatiallyLoaded:1 Bounds:IsValid=true, Min=(X=2710.000 Y=1260.000 Z=0.000), Max=(X=3670.000 Y=2060.000 Z=20.000) RuntimeGrid:None EditorOnly:0 RuntimeOnly:0 HLODRelevant:1
 |   |   |- Guid:9CB7811243B9868AB3E4A5A28D87A928 BaseClass: NativeClass:/Script/Engine.StaticMeshActor Name:StaticMeshActor_UAID_5C60BA38F4A9C8BA01_1101953820 Label:SM_Road_13 SpatiallyLoaded:1 Bounds:IsValid=true, Min=(X=2800.000 Y=-1690.000 Z=0.000), Max=(X=3600.000 Y=-730.000 Z=20.000) RuntimeGrid:None EditorOnly:0 RuntimeOnly:0 HLODRelevant:1
 |   |   |- Guid:A007E86040ABCDBCDE20D1B8B905F53B BaseClass: NativeClass:/Script/Engine.StaticMeshActor Name:StaticMeshActor_UAID_5C60BA38F4A9C7BA01_1334719636 Label:SM_Road_Barrier2 SpatiallyLoaded:1 Bounds:IsValid=true, Min=(X=4709.976 Y=174.412 Z=20.000), Max=(X=4890.051 Y=245.588 Z=120.000) RuntimeGrid:None EditorOnly:0 RuntimeOnly:0 HLODRelevant:1
 |   |   |- Guid:A71837AC4AEDE1359A6281AAABF53463 BaseClass: NativeClass:/Script/Engine.CameraActor Name:CameraActor_UAID_E4A8DFC6DBB27DBA01_1982013579 Label:CameraActor SpatiallyLoaded:1 Bounds:IsValid=true, Min=(X=-536.844 Y=567.626 Z=2308.924), Max=(X=-536.844 Y=567.626 Z=2308.924) RuntimeGrid:None EditorOnly:0 RuntimeOnly:0 HLODRelevant:0
 |   |   |- Guid:ADFF9BA44412E773E8C6D2ADCE1F0EB7 BaseClass: NativeClass:/Script/Engine.StaticMeshActor Name:StaticMeshActor_UAID_5C60BA38F4A9C6BA01_1694452440 Label:SM_Road_6 SpatiallyLoaded:1 Bounds:IsValid=true, Min=(X=4630.000 Y=-650.000 Z=0.000), Max=(X=5510.000 Y=230.000 Z=20.000) RuntimeGrid:None EditorOnly:0 RuntimeOnly:0 HLODRelevant:1
 |   |   |- Guid:B35D3920454B72D3EFEA7381873CBCCF BaseClass: NativeClass:/Script/Engine.StaticMeshActor Name:StaticMeshActor_UAID_5C60BA38F4A9C4BA01_1768099085 Label:SM_Road_5 SpatiallyLoaded:1 Bounds:IsValid=true, Min=(X=4630.000 Y=2140.000 Z=0.000), Max=(X=5510.000 Y=3020.000 Z=20.000) RuntimeGrid:None EditorOnly:0 RuntimeOnly:0 HLODRelevant:1
 |   |   |- Guid:B785ED2844B84CFB91E7F39FE661CD99 BaseClass: NativeClass:/Script/Engine.DirectionalLight Name:DirectionalLight_0 Label:DirectionalLight SpatiallyLoaded:0 Bounds:IsValid=true, Min=(X=-4398046511104.000 Y=-4398046511104.000 Z=-4398046511104.000), Max=(X=4398046511104.000 Y=4398046511104.000 Z=4398046511104.000) RuntimeGrid:None EditorOnly:0 RuntimeOnly:0 HLODRelevant:0 FolderPath:Lighting FolderGuid:963EC3EB4002CCE9759E2EBA541A873A
 |   |   |- Guid:C2C9F8D64510C95BAC9581B9623FBCEA BaseClass: NativeClass:/Script/Engine.StaticMeshActor Name:StaticMeshActor_UAID_5C60BA38F4A9C7BA01_1214044629 Label:SM_Crate_4 SpatiallyLoaded:1 Bounds:IsValid=true, Min=(X=5248.107 Y=528.138 Z=19.976), Max=(X=5331.887 Y=611.885 Z=79.461) RuntimeGrid:None EditorOnly:0 RuntimeOnly:0 HLODRelevant:0
 |   |   |- Guid:CCFF262C46EEFFDF319E7F9539CE697E BaseClass: NativeClass:/Script/Engine.SkyAtmosphere Name:SkyAtmosphere_0 Label:SkyAtmosphere SpatiallyLoaded:0 Bounds:IsValid=true, Min=(X=0.000 Y=-2900.000 Z=1020.000), Max=(X=0.000 Y=-2900.000 Z=1020.000) RuntimeGrid:None EditorOnly:0 RuntimeOnly:0 HLODRelevant:0 FolderPath:Lighting FolderGuid:963EC3EB4002CCE9759E2EBA541A873A
 |   |   |- Guid:CD9A75184215D2FDCC267EBB2750B2FC BaseClass: NativeClass:/Script/Engine.StaticMeshActor Name:StaticMeshActor_UAID_5C60BA38F4A9C7BA01_1516346641 Label:SM_Road_11 SpatiallyLoaded:1 Bounds:IsValid=true, Min=(X=-170.000 Y=1260.000 Z=0.000), Max=(X=790.000 Y=2060.000 Z=20.000) RuntimeGrid:None EditorOnly:0 RuntimeOnly:0 HLODRelevant:1
 |   |   |- Guid:CF890A3748C95B1FB447A596B4E9DB5A BaseClass: NativeClass:/Script/Engine.StaticMeshActor Name:StaticMeshActor_UAID_5C60BA38F4A9C8BA01_1111792821 Label:SM_Road_14 SpatiallyLoaded:1 Bounds:IsValid=true, Min=(X=2800.000 Y=-2650.000 Z=0.000), Max=(X=3600.000 Y=-1690.000 Z=20.000) RuntimeGrid:None EditorOnly:0 RuntimeOnly:0 HLODRelevant:1
 |   |   |- Guid:EC4E0C944CE6AC6E784BC6BB2916EA13 BaseClass: NativeClass:/Script/Engine.StaticMeshActor Name:StaticMeshActor_UAID_A4AE111137DC5EFB00_1110535423 Label:SM_SkySphere SpatiallyLoaded:0 Bounds:IsValid=true, Min=(X=-1638400.000 Y=-1638400.000 Z=-1638400.000), Max=(X=1638400.000 Y=1638400.000 Z=1638400.000) RuntimeGrid:None EditorOnly:0 RuntimeOnly:0 HLODRelevant:1 FolderPath:Lighting FolderGuid:963EC3EB4002CCE9759E2EBA541A873A
 |   |   |- Guid:F1924B8D48954B30891B2DB6A694F9CC BaseClass: NativeClass:/Script/Engine.StaticMeshActor Name:StaticMeshActor_1 Label:SM_Cube SpatiallyLoaded:1 Bounds:IsValid=true, Min=(X=-920.000 Y=-3240.000 Z=-50.000), Max=(X=7080.000 Y=4760.000 Z=0.000) RuntimeGrid:None EditorOnly:0 RuntimeOnly:0 HLODRelevant:1 FolderPath:Playground FolderGuid:C73F09FC4215536B1DCE2A9E0A830C70
 |   |   |- Guid:F5E3FEB3450C49844FD93DA8E083C8AD BaseClass: NativeClass:/Script/Engine.PostProcessVolume Name:PostProcessVolume_0 Label:PostProcessVolume SpatiallyLoaded:0 Bounds:IsValid=true, Min=(X=0.000 Y=-2900.000 Z=400.000), Max=(X=200.000 Y=-2700.000 Z=600.000) RuntimeGrid:None EditorOnly:0 RuntimeOnly:0 HLODRelevant:0 FolderPath:Lighting FolderGuid:963EC3EB4002CCE9759E2EBA541A873A
 |   |   |- Guid:F67D0E904F9BF394584F42942E0952E2 BaseClass: NativeClass:/Script/LevelSequence.LevelSequenceActor Name:LevelSequenceActor_UAID_5C60BA38F4A9C8BA01_1483980776 Label:TutorialStart_SQ SpatiallyLoaded:0 Bounds:IsValid=true, Min=(X=0.000 Y=-2900.000 Z=1120.000), Max=(X=0.000 Y=-2900.000 Z=1120.000) RuntimeGrid:None EditorOnly:0 RuntimeOnly:0 HLODRelevant:0
 |   |   |- Guid:F894C1A24767DC1B11E9AAAE677CD3F3 BaseClass: NativeClass:/Script/Engine.StaticMeshActor Name:StaticMeshActor_UAID_5C60BA38F4A9C7BA01_1215409630 Label:SM_Crate_5 SpatiallyLoaded:1 Bounds:IsValid=true, Min=(X=4884.469 Y=664.511 Z=19.976), Max=(X=4955.541 Y=735.511 Z=79.461) RuntimeGrid:None EditorOnly:0 RuntimeOnly:0 HLODRelevant:0
 |   |- [+] Clusters:
 |   |   |- [+] [  0]
 |   |   |   |- Guid:6BAF4DDD444C60371492D3919DB42C97 BaseClass: NativeClass:/Script/Engine.WorldDataLayers Name:WorldDataLayers Label:WorldDataLayers SpatiallyLoaded:0 Bounds:IsValid=true, Min=(X=0.000 Y=0.000 Z=0.000), Max=(X=0.000 Y=0.000 Z=0.000) RuntimeGrid:None EditorOnly:0 RuntimeOnly:0 HLODRelevant:0
 |   |   |- [+] [  1]
 |   |   |   |- Guid:F894C1A24767DC1B11E9AAAE677CD3F3 BaseClass: NativeClass:/Script/Engine.StaticMeshActor Name:StaticMeshActor_UAID_5C60BA38F4A9C7BA01_1215409630 Label:SM_Crate_5 SpatiallyLoaded:1 Bounds:IsValid=true, Min=(X=4884.469 Y=664.511 Z=19.976), Max=(X=4955.541 Y=735.511 Z=79.461) RuntimeGrid:None EditorOnly:0 RuntimeOnly:0 HLODRelevant:0
 |   |   |- [+] [  2]
 |   |   |   |- Guid:49E4D73F40BF89CA0A179897831CB03A BaseClass: NativeClass:/Script/Engine.StaticMeshActor Name:StaticMeshActor_UAID_5C60BA38F4A9C7BA01_1132759622 Label:SM_Crate_1 SpatiallyLoaded:1 Bounds:IsValid=true, Min=(X=5240.689 Y=980.728 Z=19.976), Max=(X=5319.309 Y=1059.296 Z=79.461) RuntimeGrid:None EditorOnly:0 RuntimeOnly:0 HLODRelevant:0
 |   |   |- [+] [  3]
 |   |   |   |- Guid:F5E3FEB3450C49844FD93DA8E083C8AD BaseClass: NativeClass:/Script/Engine.PostProcessVolume Name:PostProcessVolume_0 Label:PostProcessVolume SpatiallyLoaded:0 Bounds:IsValid=true, Min=(X=0.000 Y=-2900.000 Z=400.000), Max=(X=200.000 Y=-2700.000 Z=600.000) RuntimeGrid:None EditorOnly:0 RuntimeOnly:0 HLODRelevant:0 FolderPath:Lighting FolderGuid:963EC3EB4002CCE9759E2EBA541A873A
 |   |   |- [+] [  4]
 |   |   |   |- Guid:C2C9F8D64510C95BAC9581B9623FBCEA BaseClass: NativeClass:/Script/Engine.StaticMeshActor Name:StaticMeshActor_UAID_5C60BA38F4A9C7BA01_1214044629 Label:SM_Crate_4 SpatiallyLoaded:1 Bounds:IsValid=true, Min=(X=5248.107 Y=528.138 Z=19.976), Max=(X=5331.887 Y=611.885 Z=79.461) RuntimeGrid:None EditorOnly:0 RuntimeOnly:0 HLODRelevant:0
 |   |   |- [+] [  5]
 |   |   |   |- Guid:CF890A3748C95B1FB447A596B4E9DB5A BaseClass: NativeClass:/Script/Engine.StaticMeshActor Name:StaticMeshActor_UAID_5C60BA38F4A9C8BA01_1111792821 Label:SM_Road_14 SpatiallyLoaded:1 Bounds:IsValid=true, Min=(X=2800.000 Y=-2650.000 Z=0.000), Max=(X=3600.000 Y=-1690.000 Z=20.000) RuntimeGrid:None EditorOnly:0 RuntimeOnly:0 HLODRelevant:1
 |   |   |- [+] [  6]
 |   |   |   |- Guid:A007E86040ABCDBCDE20D1B8B905F53B BaseClass: NativeClass:/Script/Engine.StaticMeshActor Name:StaticMeshActor_UAID_5C60BA38F4A9C7BA01_1334719636 Label:SM_Road_Barrier2 SpatiallyLoaded:1 Bounds:IsValid=true, Min=(X=4709.976 Y=174.412 Z=20.000), Max=(X=4890.051 Y=245.588 Z=120.000) RuntimeGrid:None EditorOnly:0 RuntimeOnly:0 HLODRelevant:1
 |   |   |- [+] [  7]
 |   |   |   |- Guid:4D3BE93F4146AAAC8BBE79999D96D57F BaseClass: NativeClass:/Script/Engine.VolumetricCloud Name:VolumetricCloud_0 Label:VolumetricCloud SpatiallyLoaded:0 Bounds:IsValid=true, Min=(X=0.000 Y=-2900.000 Z=820.000), Max=(X=0.000 Y=-2900.000 Z=820.000) RuntimeGrid:None EditorOnly:0 RuntimeOnly:0 HLODRelevant:0 FolderPath:Lighting FolderGuid:963EC3EB4002CCE9759E2EBA541A873A
 |   |   |- [+] [  8]
 |   |   |   |- Guid:5BA321A24F7B6BF1EBDF2E8161E39D8E BaseClass: NativeClass:/Script/Engine.StaticMeshActor Name:StaticMeshActor_UAID_5C60BA38F4A9C7BA01_1135170624 Label:SM_Crate_3 SpatiallyLoaded:1 Bounds:IsValid=true, Min=(X=5014.465 Y=954.512 Z=19.976), Max=(X=5085.537 Y=1025.512 Z=79.461) RuntimeGrid:None EditorOnly:0 RuntimeOnly:0 HLODRelevant:0
 |   |   |- [+] [  9]
 |   |   |   |- Guid:60A8C5934A3B138C5852CEA98F0C38BC BaseClass: NativeClass:/Script/Engine.StaticMeshActor Name:StaticMeshActor_UAID_5C60BA38F4A9C6BA01_2135793443 Label:SM_Road_8 SpatiallyLoaded:1 Bounds:IsValid=true, Min=(X=4710.000 Y=230.000 Z=0.000), Max=(X=5510.000 Y=1190.000 Z=20.000) RuntimeGrid:None EditorOnly:0 RuntimeOnly:0 HLODRelevant:1
 |   |   |- [+] [ 10]
 |   |   |   |- Guid:2DCE62A049BF2837201C74AFDB3DFA5A BaseClass: NativeClass:/Script/Engine.StaticMeshActor Name:StaticMeshActor_UAID_5C60BA38F4A9C4BA01_1756606084 Label:SM_Road_4 SpatiallyLoaded:1 Bounds:IsValid=true, Min=(X=3750.000 Y=2140.000 Z=0.000), Max=(X=4630.000 Y=3020.000 Z=20.000) RuntimeGrid:None EditorOnly:0 RuntimeOnly:0 HLODRelevant:1
 |   |   |- [+] [ 11]
 |   |   |   |- Guid:CCFF262C46EEFFDF319E7F9539CE697E BaseClass: NativeClass:/Script/Engine.SkyAtmosphere Name:SkyAtmosphere_0 Label:SkyAtmosphere SpatiallyLoaded:0 Bounds:IsValid=true, Min=(X=0.000 Y=-2900.000 Z=1020.000), Max=(X=0.000 Y=-2900.000 Z=1020.000) RuntimeGrid:None EditorOnly:0 RuntimeOnly:0 HLODRelevant:0 FolderPath:Lighting FolderGuid:963EC3EB4002CCE9759E2EBA541A873A
 |   |   |- [+] [ 12]
 |   |   |   |- Guid:EC4E0C944CE6AC6E784BC6BB2916EA13 BaseClass: NativeClass:/Script/Engine.StaticMeshActor Name:StaticMeshActor_UAID_A4AE111137DC5EFB00_1110535423 Label:SM_SkySphere SpatiallyLoaded:0 Bounds:IsValid=true, Min=(X=-1638400.000 Y=-1638400.000 Z=-1638400.000), Max=(X=1638400.000 Y=1638400.000 Z=1638400.000) RuntimeGrid:None EditorOnly:0 RuntimeOnly:0 HLODRelevant:1 FolderPath:Lighting FolderGuid:963EC3EB4002CCE9759E2EBA541A873A
 |   |   |- [+] [ 13]
 |   |   |   |- Guid:110877A540C5EA2EEA0A938AD1B81B83 BaseClass: NativeClass:/Script/Engine.StaticMeshActor Name:StaticMeshActor_UAID_5C60BA38F4A9C4BA01_1782160086 Label:SM_Road_2 SpatiallyLoaded:1 Bounds:IsValid=true, Min=(X=4710.000 Y=1180.000 Z=0.000), Max=(X=5510.000 Y=2140.000 Z=20.000) RuntimeGrid:None EditorOnly:0 RuntimeOnly:0 HLODRelevant:1
 |   |   |- [+] [ 14]
 |   |   |   |- Guid:ADFF9BA44412E773E8C6D2ADCE1F0EB7 BaseClass: NativeClass:/Script/Engine.StaticMeshActor Name:StaticMeshActor_UAID_5C60BA38F4A9C6BA01_1694452440 Label:SM_Road_6 SpatiallyLoaded:1 Bounds:IsValid=true, Min=(X=4630.000 Y=-650.000 Z=0.000), Max=(X=5510.000 Y=230.000 Z=20.000) RuntimeGrid:None EditorOnly:0 RuntimeOnly:0 HLODRelevant:1
 |   |   |- [+] [ 15]
 |   |   |   |- Guid:8C4AF40C4B3B9D94DA23A7BAD254E9AF BaseClass: NativeClass:/Script/Engine.StaticMeshActor Name:StaticMeshActor_UAID_5C60BA38F4A9C4BA01_1625756075 Label:SM_Road_1 SpatiallyLoaded:1 Bounds:IsValid=true, Min=(X=2710.000 Y=1260.000 Z=0.000), Max=(X=3670.000 Y=2060.000 Z=20.000) RuntimeGrid:None EditorOnly:0 RuntimeOnly:0 HLODRelevant:1
 |   |   |- [+] [ 16]
 |   |   |   |- Guid:B785ED2844B84CFB91E7F39FE661CD99 BaseClass: NativeClass:/Script/Engine.DirectionalLight Name:DirectionalLight_0 Label:DirectionalLight SpatiallyLoaded:0 Bounds:IsValid=true, Min=(X=-4398046511104.000 Y=-4398046511104.000 Z=-4398046511104.000), Max=(X=4398046511104.000 Y=4398046511104.000 Z=4398046511104.000) RuntimeGrid:None EditorOnly:0 RuntimeOnly:0 HLODRelevant:0 FolderPath:Lighting FolderGuid:963EC3EB4002CCE9759E2EBA541A873A
 |   |   |- [+] [ 17]
 |   |   |   |- Guid:67939247411BE835DACD4BA754FE1A3E BaseClass: NativeClass:/Script/Engine.StaticMeshActor Name:StaticMeshActor_UAID_5C60BA38F4A9C6BA01_1709540442 Label:SM_Road_7 SpatiallyLoaded:1 Bounds:IsValid=true, Min=(X=3670.000 Y=-650.000 Z=0.000), Max=(X=4630.000 Y=150.000 Z=20.000) RuntimeGrid:None EditorOnly:0 RuntimeOnly:0 HLODRelevant:1
 |   |   |- [+] [ 18]
 |   |   |   |- Guid:4668D14247BB9CDE8A507FB0090A1AC0 BaseClass: NativeClass:/Script/Engine.StaticMeshActor Name:StaticMeshActor_UAID_5C60BA38F4A9C7BA01_1504162640 Label:SM_Road_10 SpatiallyLoaded:1 Bounds:IsValid=true, Min=(X=790.000 Y=1260.000 Z=0.000), Max=(X=1750.000 Y=2060.000 Z=20.000) RuntimeGrid:None EditorOnly:0 RuntimeOnly:0 HLODRelevant:1
 |   |   |- [+] [ 19]
 |   |   |   |- Guid:316CF2A6494ACA4C0E4180A87D36AB8F BaseClass: NativeClass:/Script/Engine.ExponentialHeightFog Name:ExponentialHeightFog_0 Label:ExponentialHeightFog SpatiallyLoaded:0 Bounds:IsValid=true, Min=(X=-5600.000 Y=-50.000 Z=-6850.000), Max=(X=-5600.000 Y=-50.000 Z=-6850.000) RuntimeGrid:None EditorOnly:0 RuntimeOnly:0 HLODRelevant:0 FolderPath:Lighting FolderGuid:963EC3EB4002CCE9759E2EBA541A873A
 |   |   |- [+] [ 20]
 |   |   |   |- Guid:5D3553554EF1C13F60E7CAAB63CEE9F1 BaseClass: NativeClass:/Script/Engine.StaticMeshActor Name:StaticMeshActor_UAID_5C60BA38F4A9C4BA01_1662636076 Label:SM_Road_3 SpatiallyLoaded:1 Bounds:IsValid=true, Min=(X=3670.000 Y=1260.000 Z=0.000), Max=(X=4550.000 Y=2140.000 Z=20.000) RuntimeGrid:None EditorOnly:0 RuntimeOnly:0 HLODRelevant:1
 |   |   |- [+] [ 21]
 |   |   |   |- Guid:F1924B8D48954B30891B2DB6A694F9CC BaseClass: NativeClass:/Script/Engine.StaticMeshActor Name:StaticMeshActor_1 Label:SM_Cube SpatiallyLoaded:1 Bounds:IsValid=true, Min=(X=-920.000 Y=-3240.000 Z=-50.000), Max=(X=7080.000 Y=4760.000 Z=0.000) RuntimeGrid:None EditorOnly:0 RuntimeOnly:0 HLODRelevant:1 FolderPath:Playground FolderGuid:C73F09FC4215536B1DCE2A9E0A830C70
 |   |   |- [+] [ 22]
 |   |   |   |- Guid:30B387C5452D6FEFE71880816C0C55DE BaseClass: NativeClass:/Script/Engine.SkeletalMeshActor Name:SkeletalMeshActor_UAID_5C60BA38F4A9C7BA01_1112958621 Label:SK_Car_4C SpatiallyLoaded:1 Bounds:IsValid=true, Min=(X=5133.840 Y=446.312 Z=8.962), Max=(X=5710.058 Y=1049.106 Z=334.522) RuntimeGrid:None EditorOnly:0 RuntimeOnly:0 HLODRelevant:0
 |   |   |- [+] [ 23]
 |   |   |   |- Guid:A71837AC4AEDE1359A6281AAABF53463 BaseClass: NativeClass:/Script/Engine.CameraActor Name:CameraActor_UAID_E4A8DFC6DBB27DBA01_1982013579 Label:CameraActor SpatiallyLoaded:1 Bounds:IsValid=true, Min=(X=-536.844 Y=567.626 Z=2308.924), Max=(X=-536.844 Y=567.626 Z=2308.924) RuntimeGrid:None EditorOnly:0 RuntimeOnly:0 HLODRelevant:0
 |   |   |- [+] [ 24]
 |   |   |   |- Guid:CD9A75184215D2FDCC267EBB2750B2FC BaseClass: NativeClass:/Script/Engine.StaticMeshActor Name:StaticMeshActor_UAID_5C60BA38F4A9C7BA01_1516346641 Label:SM_Road_11 SpatiallyLoaded:1 Bounds:IsValid=true, Min=(X=-170.000 Y=1260.000 Z=0.000), Max=(X=790.000 Y=2060.000 Z=20.000) RuntimeGrid:None EditorOnly:0 RuntimeOnly:0 HLODRelevant:1
 |   |   |- [+] [ 25]
 |   |   |   |- Guid:2FB58999456391D349DC0F86DAC136ED BaseClass: NativeClass:/Script/Engine.SkyLight Name:SkyLight_1 Label:SkyLight SpatiallyLoaded:0 Bounds:IsValid=true, Min=(X=0.000 Y=-2900.000 Z=690.000), Max=(X=0.000 Y=-2900.000 Z=690.000) RuntimeGrid:None EditorOnly:0 RuntimeOnly:0 HLODRelevant:0 FolderPath:Lighting FolderGuid:963EC3EB4002CCE9759E2EBA541A873A
 |   |   |- [+] [ 26]
 |   |   |   |- Guid:7B322C854CA365228FD929B1C7B46F58 BaseClass: NativeClass:/Script/Engine.StaticMeshActor Name:StaticMeshActor_UAID_5C60BA38F4A9C7BA01_1318797634 Label:SM_Road_Barrier SpatiallyLoaded:1 Bounds:IsValid=true, Min=(X=5239.976 Y=1814.412 Z=20.000), Max=(X=5420.051 Y=1885.588 Z=120.000) RuntimeGrid:None EditorOnly:0 RuntimeOnly:0 HLODRelevant:1
 |   |   |- [+] [ 27]
 |   |   |   |- Guid:4EC2D6EA40C489D555A0C183854C110D BaseClass: NativeClass:/Script/Engine.StaticMeshActor Name:StaticMeshActor_UAID_5C60BA38F4A9C7BA01_2146228643 Label:SM_Road_12 SpatiallyLoaded:1 Bounds:IsValid=true, Min=(X=2800.000 Y=-730.000 Z=0.000), Max=(X=3680.000 Y=150.000 Z=20.000) RuntimeGrid:None EditorOnly:0 RuntimeOnly:0 HLODRelevant:1
 |   |   |- [+] [ 28]
 |   |   |   |- Guid:485410494072738A16753CB943B1AAF5 BaseClass: NativeClass:/Script/Engine.StaticMeshActor Name:StaticMeshActor_UAID_5C60BA38F4A9C7BA01_1498975639 Label:SM_Road_9 SpatiallyLoaded:1 Bounds:IsValid=true, Min=(X=1750.000 Y=1260.000 Z=0.000), Max=(X=2710.000 Y=2060.000 Z=20.000) RuntimeGrid:None EditorOnly:0 RuntimeOnly:0 HLODRelevant:1
 |   |   |- [+] [ 29]
 |   |   |   |- Guid:B35D3920454B72D3EFEA7381873CBCCF BaseClass: NativeClass:/Script/Engine.StaticMeshActor Name:StaticMeshActor_UAID_5C60BA38F4A9C4BA01_1768099085 Label:SM_Road_5 SpatiallyLoaded:1 Bounds:IsValid=true, Min=(X=4630.000 Y=2140.000 Z=0.000), Max=(X=5510.000 Y=3020.000 Z=20.000) RuntimeGrid:None EditorOnly:0 RuntimeOnly:0 HLODRelevant:1
 |   |   |- [+] [ 30]
 |   |   |   |- Guid:9CB7811243B9868AB3E4A5A28D87A928 BaseClass: NativeClass:/Script/Engine.StaticMeshActor Name:StaticMeshActor_UAID_5C60BA38F4A9C8BA01_1101953820 Label:SM_Road_13 SpatiallyLoaded:1 Bounds:IsValid=true, Min=(X=2800.000 Y=-1690.000 Z=0.000), Max=(X=3600.000 Y=-730.000 Z=20.000) RuntimeGrid:None EditorOnly:0 RuntimeOnly:0 HLODRelevant:1
 |   |   |- [+] [ 31]
 |   |   |   |- Guid:308C3FEC4F08FECD9938D19430F79B7B BaseClass: NativeClass:/Script/Engine.StaticMeshActor Name:StaticMeshActor_UAID_5C60BA38F4A9C8BA01_1441763775 Label:SM_Road_15 SpatiallyLoaded:1 Bounds:IsValid=true, Min=(X=-1110.000 Y=1260.000 Z=0.000), Max=(X=-150.000 Y=2060.000 Z=20.000) RuntimeGrid:None EditorOnly:0 RuntimeOnly:0 HLODRelevant:1
 |   |   |- [+] [ 32]
 |   |   |   |- Guid:F67D0E904F9BF394584F42942E0952E2 BaseClass: NativeClass:/Script/LevelSequence.LevelSequenceActor Name:LevelSequenceActor_UAID_5C60BA38F4A9C8BA01_1483980776 Label:TutorialStart_SQ SpatiallyLoaded:0 Bounds:IsValid=true, Min=(X=0.000 Y=-2900.000 Z=1120.000), Max=(X=0.000 Y=-2900.000 Z=1120.000) RuntimeGrid:None EditorOnly:0 RuntimeOnly:0 HLODRelevant:0
 |   |   |- [+] [ 33]
 |   |   |   |- Guid:3A00AA1C422CE54C0BDB60BAF471BFBB BaseClass: NativeClass:/Script/Engine.PlayerStart Name:PlayerStart_0 Label:PlayerStart SpatiallyLoaded:0 Bounds:IsValid=true, Min=(X=-1010.000 Y=1620.000 Z=50.013), Max=(X=-930.000 Y=1700.000 Z=234.013) RuntimeGrid:None EditorOnly:0 RuntimeOnly:0 HLODRelevant:0
 |- ContainerInstances:
 |- [+] MainContainer:
 |   |-        ID: 0x0000000000000000
 |   |-    Bounds: IsValid=false, Min=(X=0.000 Y=0.000 Z=0.000), Max=(X=0.000 Y=0.000 Z=0.000)
 |   |- Transform: 0.000000,0.000000,0.000000|0.000000,0.000000,-0.000000|1.000000,1.000000,1.000000
 |   |- Container: /Game/ThirdPerson/Maps/ThirdPersonMap
----------------------------------------------------------------------------------------------------------------
ThirdPersonMap - Persistent Level
----------------------------------------------------------------------------------------------------------------
Always loaded Actor Count: 44 

----------------------------------------------------------------------------------------------------------------
ThirdPersonMap - Runtime Spatial Hash - Streaming Grid - MainGrid
----------------------------------------------------------------------------------------------------------------
            Origin: X=0.000 Y=0.000 Z=0.000
         Cell Size: 12800
      World Bounds: IsValid=false, Min=(X=0.000 Y=0.000 Z=0.000), Max=(X=0.000 Y=0.000 Z=0.000)
     Loading Range: 25600.00
Block Slow Loading: No
 ClientOnlyVisible: No

[+] Grid Levels: 1
 |- Level  0: Cell Count    0 | Cell Size   12800 | Actor Count    0 (0.0%)

[+] Content of Grid Level 0

